<?xml version="1.0" encoding="UTF-8"?>
<!-- Generated by org.testng.reporters.JUnitReportReporter -->
<testsuite skipped="0" hostname="KinG-PC" name="krishna.test.HomePage" tests="2" failures="0" timestamp="14 Apr 2019 14:22:11 GMT" time="148.174" errors="0">
  <testcase name="basePageNavigation" time="99.895" classname="krishna.test.HomePage"/>
  <testcase name="basePageNavigation" time="48.279" classname="krishna.test.HomePage"/>
</testsuite> <!-- krishna.test.HomePage -->
