<?xml version="1.0" encoding="UTF-8"?>
<!-- Generated by org.testng.reporters.JUnitReportReporter -->
<testsuite skipped="0" hostname="KinG-PC" name="krishna.test.App" tests="1" failures="0" timestamp="14 Apr 2019 14:22:11 GMT" time="0.000" errors="0">
  <testcase name="test" time="0.000" classname="krishna.test.App"/>
</testsuite> <!-- krishna.test.App -->
